2025-11-14 18:37:52,352 INFO o.a.j.u.JMeterUtils: Setting Locale to en_EN
2025-11-14 18:37:52,403 INFO o.a.j.JMeter: Loading user properties from: /home/leandro/faculdade/7-semestre/sistemas-distribuidos/t1-distribuidos/apache-jmeter-5.6.3/bin/user.properties
2025-11-14 18:37:52,404 INFO o.a.j.JMeter: Loading system properties from: /home/leandro/faculdade/7-semestre/sistemas-distribuidos/t1-distribuidos/apache-jmeter-5.6.3/bin/system.properties
2025-11-14 18:37:52,429 INFO o.a.j.JMeter: Copyright (c) 1998-2024 The Apache Software Foundation
2025-11-14 18:37:52,429 INFO o.a.j.JMeter: Version 5.6.3
2025-11-14 18:37:52,429 INFO o.a.j.JMeter: java.version=21.0.8
2025-11-14 18:37:52,430 INFO o.a.j.JMeter: java.vm.name=OpenJDK 64-Bit Server VM
2025-11-14 18:37:52,430 INFO o.a.j.JMeter: os.name=Linux
2025-11-14 18:37:52,430 INFO o.a.j.JMeter: os.arch=amd64
2025-11-14 18:37:52,430 INFO o.a.j.JMeter: os.version=6.14.0-33-generic
2025-11-14 18:37:52,430 INFO o.a.j.JMeter: file.encoding=UTF-8
2025-11-14 18:37:52,430 INFO o.a.j.JMeter: java.awt.headless=null
2025-11-14 18:37:52,430 INFO o.a.j.JMeter: Max memory     =1073741824
2025-11-14 18:37:52,431 INFO o.a.j.JMeter: Available Processors =8
2025-11-14 18:37:52,446 INFO o.a.j.JMeter: Default Locale=English (EN)
2025-11-14 18:37:52,446 INFO o.a.j.JMeter: JMeter  Locale=English (EN)
2025-11-14 18:37:52,447 INFO o.a.j.JMeter: JMeterHome=/home/leandro/faculdade/7-semestre/sistemas-distribuidos/t1-distribuidos/apache-jmeter-5.6.3
2025-11-14 18:37:52,447 INFO o.a.j.JMeter: user.dir  =/home/leandro/faculdade/7-semestre/sistemas-distribuidos/t1-distribuidos
2025-11-14 18:37:52,447 INFO o.a.j.JMeter: PWD       =/home/leandro/faculdade/7-semestre/sistemas-distribuidos/t1-distribuidos
2025-11-14 18:37:52,447 INFO o.a.j.JMeter: IP: 127.0.1.1 Name: ubuntu FullName: ubuntu
2025-11-14 18:37:52,583 INFO o.a.j.JMeter: Loaded icon properties from org/apache/jmeter/images/icon.properties
2025-11-14 18:37:53,102 INFO o.a.j.JMeterGuiLauncher: Setting LAF to: com.github.weisj.darklaf.DarkLaf:com.github.weisj.darklaf.theme.DarculaTheme
2025-11-14 18:38:03,882 INFO o.a.j.s.FileServer: Default base='/home/leandro/faculdade/7-semestre/sistemas-distribuidos/t1-distribuidos'
2025-11-14 18:38:09,594 INFO o.a.j.g.a.Load: Loading file: /home/leandro/faculdade/7-semestre/sistemas-distribuidos/t1-distribuidos/Test Plan.jmx
2025-11-14 18:38:09,595 INFO o.a.j.s.FileServer: Set new base='/home/leandro/faculdade/7-semestre/sistemas-distribuidos/t1-distribuidos'
2025-11-14 18:38:10,032 INFO o.a.j.s.SaveService: Testplan (JMX) version: 2.2. Testlog (JTL) version: 2.2
2025-11-14 18:38:10,095 INFO o.a.j.s.SaveService: Using SaveService properties version 5.0
2025-11-14 18:38:10,098 INFO o.a.j.s.SaveService: Using SaveService properties file encoding UTF-8
2025-11-14 18:38:10,100 INFO o.a.j.s.SaveService: Loading file: /home/leandro/faculdade/7-semestre/sistemas-distribuidos/t1-distribuidos/Test Plan.jmx
2025-11-14 18:38:10,154 INFO o.a.j.p.h.s.HTTPSamplerBase: Parser for text/html is org.apache.jmeter.protocol.http.parser.LagartoBasedHtmlParser
2025-11-14 18:38:10,154 INFO o.a.j.p.h.s.HTTPSamplerBase: Parser for application/xhtml+xml is org.apache.jmeter.protocol.http.parser.LagartoBasedHtmlParser
2025-11-14 18:38:10,154 INFO o.a.j.p.h.s.HTTPSamplerBase: Parser for application/xml is org.apache.jmeter.protocol.http.parser.LagartoBasedHtmlParser
2025-11-14 18:38:10,154 INFO o.a.j.p.h.s.HTTPSamplerBase: Parser for text/xml is org.apache.jmeter.protocol.http.parser.LagartoBasedHtmlParser
2025-11-14 18:38:10,154 INFO o.a.j.p.h.s.HTTPSamplerBase: Parser for text/vnd.wap.wml is org.apache.jmeter.protocol.http.parser.RegexpHTMLParser
2025-11-14 18:38:10,154 INFO o.a.j.p.h.s.HTTPSamplerBase: Parser for text/css is org.apache.jmeter.protocol.http.parser.CssParser
2025-11-14 18:38:10,639 INFO o.a.j.s.FileServer: Set new base='/home/leandro/faculdade/7-semestre/sistemas-distribuidos/t1-distribuidos'
2025-11-14 18:38:14,921 INFO o.a.j.e.StandardJMeterEngine: Running the test!
2025-11-14 18:38:14,922 INFO o.a.j.s.SampleEvent: List of sample_variables: []
2025-11-14 18:38:14,923 INFO o.a.j.s.SampleEvent: List of sample_variables: []
2025-11-14 18:38:14,925 INFO o.a.j.e.u.CompoundVariable: Note: Function class names must contain the string: '.functions.'
2025-11-14 18:38:14,926 INFO o.a.j.e.u.CompoundVariable: Note: Function class names must not contain the string: '.gui.'
2025-11-14 18:38:15,145 INFO o.a.j.g.u.JMeterMenuBar: setRunning(true, *local*)
2025-11-14 18:38:15,206 INFO o.a.j.e.StandardJMeterEngine: Starting ThreadGroup: 1 : Leitura - GET Produtos
2025-11-14 18:38:15,207 INFO o.a.j.e.StandardJMeterEngine: Starting 75 threads for group Leitura - GET Produtos.
2025-11-14 18:38:15,207 INFO o.a.j.e.StandardJMeterEngine: Thread will continue on error
2025-11-14 18:38:15,207 INFO o.a.j.t.ThreadGroup: Starting thread group... number=1 threads=75 ramp-up=10 delayedStart=false
2025-11-14 18:38:15,212 INFO o.a.j.t.JMeterThread: Thread started: Leitura - GET Produtos 1-1
2025-11-14 18:38:15,249 INFO o.a.j.t.ThreadGroup: Started thread group number 1
2025-11-14 18:38:15,249 INFO o.a.j.e.StandardJMeterEngine: Starting ThreadGroup: 2 : Escrita - POST Produtos
2025-11-14 18:38:15,249 INFO o.a.j.e.StandardJMeterEngine: Starting 25 threads for group Escrita - POST Produtos.
2025-11-14 18:38:15,249 INFO o.a.j.e.StandardJMeterEngine: Thread will continue on error
2025-11-14 18:38:15,250 INFO o.a.j.t.ThreadGroup: Starting thread group... number=2 threads=25 ramp-up=10 delayedStart=false
2025-11-14 18:38:15,251 INFO o.a.j.t.JMeterThread: Thread started: Escrita - POST Produtos 2-1
2025-11-14 18:38:15,263 INFO o.a.j.p.h.s.HTTPHCAbstractImpl: Local host = ubuntu
2025-11-14 18:38:15,264 INFO o.a.j.t.ThreadGroup: Started thread group number 2
2025-11-14 18:38:15,265 INFO o.a.j.e.StandardJMeterEngine: All thread groups have been started
2025-11-14 18:38:15,324 INFO o.a.j.p.h.s.HTTPHC4Impl: HTTP request retry count = 0
2025-11-14 18:38:15,329 INFO o.a.j.s.SampleResult: Note: Sample TimeStamps are START times
2025-11-14 18:38:15,329 INFO o.a.j.s.SampleResult: sampleresult.default.encoding is set to UTF-8
2025-11-14 18:38:15,330 INFO o.a.j.s.SampleResult: sampleresult.useNanoTime=true
2025-11-14 18:38:15,330 INFO o.a.j.s.SampleResult: sampleresult.nanoThreadSleep=5000
2025-11-14 18:38:15,342 INFO o.a.j.t.JMeterThread: Thread started: Leitura - GET Produtos 1-2
2025-11-14 18:38:15,474 INFO o.a.j.t.JMeterThread: Thread started: Leitura - GET Produtos 1-3
2025-11-14 18:38:15,543 INFO o.a.j.t.JMeterThread: Thread is done: Escrita - POST Produtos 2-1
2025-11-14 18:38:15,543 INFO o.a.j.t.JMeterThread: Thread finished: Escrita - POST Produtos 2-1
2025-11-14 18:38:15,607 INFO o.a.j.t.JMeterThread: Thread started: Leitura - GET Produtos 1-4
2025-11-14 18:38:15,651 INFO o.a.j.t.JMeterThread: Thread started: Escrita - POST Produtos 2-2
2025-11-14 18:38:15,657 INFO o.a.j.t.JMeterThread: Thread is done: Escrita - POST Produtos 2-2
2025-11-14 18:38:15,657 INFO o.a.j.t.JMeterThread: Thread finished: Escrita - POST Produtos 2-2
2025-11-14 18:38:15,741 INFO o.a.j.t.JMeterThread: Thread started: Leitura - GET Produtos 1-5
2025-11-14 18:38:15,873 INFO o.a.j.t.JMeterThread: Thread started: Leitura - GET Produtos 1-6
2025-11-14 18:38:16,006 INFO o.a.j.t.JMeterThread: Thread started: Leitura - GET Produtos 1-7
2025-11-14 18:38:16,051 INFO o.a.j.t.JMeterThread: Thread started: Escrita - POST Produtos 2-3
2025-11-14 18:38:16,056 INFO o.a.j.t.JMeterThread: Thread is done: Escrita - POST Produtos 2-3
2025-11-14 18:38:16,056 INFO o.a.j.t.JMeterThread: Thread finished: Escrita - POST Produtos 2-3
2025-11-14 18:38:16,139 INFO o.a.j.t.JMeterThread: Thread started: Leitura - GET Produtos 1-8
2025-11-14 18:38:16,272 INFO o.a.j.t.JMeterThread: Thread started: Leitura - GET Produtos 1-9
2025-11-14 18:38:16,406 INFO o.a.j.t.JMeterThread: Thread started: Leitura - GET Produtos 1-10
2025-11-14 18:38:16,450 INFO o.a.j.t.JMeterThread: Thread started: Escrita - POST Produtos 2-4
2025-11-14 18:38:16,457 INFO o.a.j.t.JMeterThread: Thread is done: Escrita - POST Produtos 2-4
2025-11-14 18:38:16,458 INFO o.a.j.t.JMeterThread: Thread finished: Escrita - POST Produtos 2-4
2025-11-14 18:38:16,538 INFO o.a.j.t.JMeterThread: Thread started: Leitura - GET Produtos 1-11
2025-11-14 18:38:16,671 INFO o.a.j.t.JMeterThread: Thread started: Leitura - GET Produtos 1-12
2025-11-14 18:38:16,805 INFO o.a.j.t.JMeterThread: Thread started: Leitura - GET Produtos 1-13
2025-11-14 18:38:16,852 INFO o.a.j.t.JMeterThread: Thread started: Escrita - POST Produtos 2-5
2025-11-14 18:38:16,857 INFO o.a.j.t.JMeterThread: Thread is done: Escrita - POST Produtos 2-5
2025-11-14 18:38:16,857 INFO o.a.j.t.JMeterThread: Thread finished: Escrita - POST Produtos 2-5
2025-11-14 18:38:16,938 INFO o.a.j.t.JMeterThread: Thread started: Leitura - GET Produtos 1-14
2025-11-14 18:38:17,072 INFO o.a.j.t.JMeterThread: Thread started: Leitura - GET Produtos 1-15
2025-11-14 18:38:17,204 INFO o.a.j.t.JMeterThread: Thread started: Leitura - GET Produtos 1-16
2025-11-14 18:38:17,251 INFO o.a.j.t.JMeterThread: Thread started: Escrita - POST Produtos 2-6
2025-11-14 18:38:17,261 INFO o.a.j.t.JMeterThread: Thread is done: Escrita - POST Produtos 2-6
2025-11-14 18:38:17,261 INFO o.a.j.t.JMeterThread: Thread finished: Escrita - POST Produtos 2-6
2025-11-14 18:38:17,337 INFO o.a.j.t.JMeterThread: Thread started: Leitura - GET Produtos 1-17
2025-11-14 18:38:17,469 INFO o.a.j.t.JMeterThread: Thread started: Leitura - GET Produtos 1-18
2025-11-14 18:38:17,603 INFO o.a.j.t.JMeterThread: Thread started: Leitura - GET Produtos 1-19
2025-11-14 18:38:17,650 INFO o.a.j.t.JMeterThread: Thread started: Escrita - POST Produtos 2-7
2025-11-14 18:38:17,655 INFO o.a.j.t.JMeterThread: Thread is done: Escrita - POST Produtos 2-7
2025-11-14 18:38:17,656 INFO o.a.j.t.JMeterThread: Thread finished: Escrita - POST Produtos 2-7
2025-11-14 18:38:17,735 INFO o.a.j.t.JMeterThread: Thread started: Leitura - GET Produtos 1-20
2025-11-14 18:38:17,868 INFO o.a.j.t.JMeterThread: Thread started: Leitura - GET Produtos 1-21
2025-11-14 18:38:18,000 INFO o.a.j.t.JMeterThread: Thread started: Leitura - GET Produtos 1-22
2025-11-14 18:38:18,052 INFO o.a.j.t.JMeterThread: Thread started: Escrita - POST Produtos 2-8
2025-11-14 18:38:18,058 INFO o.a.j.t.JMeterThread: Thread is done: Escrita - POST Produtos 2-8
2025-11-14 18:38:18,059 INFO o.a.j.t.JMeterThread: Thread finished: Escrita - POST Produtos 2-8
2025-11-14 18:38:18,134 INFO o.a.j.t.JMeterThread: Thread started: Leitura - GET Produtos 1-23
2025-11-14 18:38:18,267 INFO o.a.j.t.JMeterThread: Thread started: Leitura - GET Produtos 1-24
2025-11-14 18:38:18,401 INFO o.a.j.t.JMeterThread: Thread started: Leitura - GET Produtos 1-25
2025-11-14 18:38:18,451 INFO o.a.j.t.JMeterThread: Thread started: Escrita - POST Produtos 2-9
2025-11-14 18:38:18,458 INFO o.a.j.t.JMeterThread: Thread is done: Escrita - POST Produtos 2-9
2025-11-14 18:38:18,459 INFO o.a.j.t.JMeterThread: Thread finished: Escrita - POST Produtos 2-9
2025-11-14 18:38:18,533 INFO o.a.j.t.JMeterThread: Thread started: Leitura - GET Produtos 1-26
2025-11-14 18:38:18,667 INFO o.a.j.t.JMeterThread: Thread started: Leitura - GET Produtos 1-27
2025-11-14 18:38:18,799 INFO o.a.j.t.JMeterThread: Thread started: Leitura - GET Produtos 1-28
2025-11-14 18:38:18,852 INFO o.a.j.t.JMeterThread: Thread started: Escrita - POST Produtos 2-10
2025-11-14 18:38:18,858 INFO o.a.j.t.JMeterThread: Thread is done: Escrita - POST Produtos 2-10
2025-11-14 18:38:18,858 INFO o.a.j.t.JMeterThread: Thread finished: Escrita - POST Produtos 2-10
2025-11-14 18:38:18,933 INFO o.a.j.t.JMeterThread: Thread started: Leitura - GET Produtos 1-29
2025-11-14 18:38:19,065 INFO o.a.j.t.JMeterThread: Thread started: Leitura - GET Produtos 1-30
2025-11-14 18:38:19,198 INFO o.a.j.t.JMeterThread: Thread started: Leitura - GET Produtos 1-31
2025-11-14 18:38:19,251 INFO o.a.j.t.JMeterThread: Thread started: Escrita - POST Produtos 2-11
2025-11-14 18:38:19,257 INFO o.a.j.t.JMeterThread: Thread is done: Escrita - POST Produtos 2-11
2025-11-14 18:38:19,258 INFO o.a.j.t.JMeterThread: Thread finished: Escrita - POST Produtos 2-11
2025-11-14 18:38:19,330 INFO o.a.j.t.JMeterThread: Thread started: Leitura - GET Produtos 1-32
2025-11-14 18:38:19,464 INFO o.a.j.t.JMeterThread: Thread started: Leitura - GET Produtos 1-33
2025-11-14 18:38:19,598 INFO o.a.j.t.JMeterThread: Thread started: Leitura - GET Produtos 1-34
2025-11-14 18:38:19,651 INFO o.a.j.t.JMeterThread: Thread started: Escrita - POST Produtos 2-12
2025-11-14 18:38:19,657 INFO o.a.j.t.JMeterThread: Thread is done: Escrita - POST Produtos 2-12
2025-11-14 18:38:19,657 INFO o.a.j.t.JMeterThread: Thread finished: Escrita - POST Produtos 2-12
2025-11-14 18:38:19,730 INFO o.a.j.t.JMeterThread: Thread started: Leitura - GET Produtos 1-35
2025-11-14 18:38:19,863 INFO o.a.j.t.JMeterThread: Thread started: Leitura - GET Produtos 1-36
2025-11-14 18:38:19,995 INFO o.a.j.t.JMeterThread: Thread started: Leitura - GET Produtos 1-37
2025-11-14 18:38:20,051 INFO o.a.j.t.JMeterThread: Thread started: Escrita - POST Produtos 2-13
2025-11-14 18:38:20,057 INFO o.a.j.t.JMeterThread: Thread is done: Escrita - POST Produtos 2-13
2025-11-14 18:38:20,058 INFO o.a.j.t.JMeterThread: Thread finished: Escrita - POST Produtos 2-13
2025-11-14 18:38:20,129 INFO o.a.j.t.JMeterThread: Thread started: Leitura - GET Produtos 1-38
2025-11-14 18:38:20,263 INFO o.a.j.t.JMeterThread: Thread started: Leitura - GET Produtos 1-39
2025-11-14 18:38:20,394 INFO o.a.j.t.JMeterThread: Thread started: Leitura - GET Produtos 1-40
2025-11-14 18:38:20,451 INFO o.a.j.t.JMeterThread: Thread started: Escrita - POST Produtos 2-14
2025-11-14 18:38:20,458 INFO o.a.j.t.JMeterThread: Thread is done: Escrita - POST Produtos 2-14
2025-11-14 18:38:20,458 INFO o.a.j.t.JMeterThread: Thread finished: Escrita - POST Produtos 2-14
2025-11-14 18:38:20,529 INFO o.a.j.t.JMeterThread: Thread started: Leitura - GET Produtos 1-41
2025-11-14 18:38:20,660 INFO o.a.j.t.JMeterThread: Thread started: Leitura - GET Produtos 1-42
2025-11-14 18:38:20,794 INFO o.a.j.t.JMeterThread: Thread started: Leitura - GET Produtos 1-43
2025-11-14 18:38:20,852 INFO o.a.j.t.JMeterThread: Thread started: Escrita - POST Produtos 2-15
2025-11-14 18:38:20,857 INFO o.a.j.t.JMeterThread: Thread is done: Escrita - POST Produtos 2-15
2025-11-14 18:38:20,857 INFO o.a.j.t.JMeterThread: Thread finished: Escrita - POST Produtos 2-15
2025-11-14 18:38:20,928 INFO o.a.j.t.JMeterThread: Thread started: Leitura - GET Produtos 1-44
2025-11-14 18:38:21,059 INFO o.a.j.t.JMeterThread: Thread started: Leitura - GET Produtos 1-45
2025-11-14 18:38:21,194 INFO o.a.j.t.JMeterThread: Thread started: Leitura - GET Produtos 1-46
2025-11-14 18:38:21,250 INFO o.a.j.t.JMeterThread: Thread started: Escrita - POST Produtos 2-16
2025-11-14 18:38:21,258 INFO o.a.j.t.JMeterThread: Thread is done: Escrita - POST Produtos 2-16
2025-11-14 18:38:21,258 INFO o.a.j.t.JMeterThread: Thread finished: Escrita - POST Produtos 2-16
2025-11-14 18:38:21,325 INFO o.a.j.t.JMeterThread: Thread started: Leitura - GET Produtos 1-47
2025-11-14 18:38:21,459 INFO o.a.j.t.JMeterThread: Thread started: Leitura - GET Produtos 1-48
2025-11-14 18:38:21,591 INFO o.a.j.t.JMeterThread: Thread started: Leitura - GET Produtos 1-49
2025-11-14 18:38:21,652 INFO o.a.j.t.JMeterThread: Thread started: Escrita - POST Produtos 2-17
2025-11-14 18:38:21,658 INFO o.a.j.t.JMeterThread: Thread is done: Escrita - POST Produtos 2-17
2025-11-14 18:38:21,658 INFO o.a.j.t.JMeterThread: Thread finished: Escrita - POST Produtos 2-17
2025-11-14 18:38:21,725 INFO o.a.j.t.JMeterThread: Thread started: Leitura - GET Produtos 1-50
2025-11-14 18:38:21,859 INFO o.a.j.t.JMeterThread: Thread started: Leitura - GET Produtos 1-51
2025-11-14 18:38:21,991 INFO o.a.j.t.JMeterThread: Thread started: Leitura - GET Produtos 1-52
2025-11-14 18:38:22,052 INFO o.a.j.t.JMeterThread: Thread started: Escrita - POST Produtos 2-18
2025-11-14 18:38:22,059 INFO o.a.j.t.JMeterThread: Thread is done: Escrita - POST Produtos 2-18
2025-11-14 18:38:22,059 INFO o.a.j.t.JMeterThread: Thread finished: Escrita - POST Produtos 2-18
2025-11-14 18:38:22,123 INFO o.a.j.t.JMeterThread: Thread started: Leitura - GET Produtos 1-53
2025-11-14 18:38:22,258 INFO o.a.j.t.JMeterThread: Thread started: Leitura - GET Produtos 1-54
2025-11-14 18:38:22,389 INFO o.a.j.t.JMeterThread: Thread started: Leitura - GET Produtos 1-55
2025-11-14 18:38:22,451 INFO o.a.j.t.JMeterThread: Thread started: Escrita - POST Produtos 2-19
2025-11-14 18:38:22,459 INFO o.a.j.t.JMeterThread: Thread is done: Escrita - POST Produtos 2-19
2025-11-14 18:38:22,459 INFO o.a.j.t.JMeterThread: Thread finished: Escrita - POST Produtos 2-19
2025-11-14 18:38:22,524 INFO o.a.j.t.JMeterThread: Thread started: Leitura - GET Produtos 1-56
2025-11-14 18:38:22,656 INFO o.a.j.t.JMeterThread: Thread started: Leitura - GET Produtos 1-57
2025-11-14 18:38:22,789 INFO o.a.j.t.JMeterThread: Thread started: Leitura - GET Produtos 1-58
2025-11-14 18:38:22,851 INFO o.a.j.t.JMeterThread: Thread started: Escrita - POST Produtos 2-20
2025-11-14 18:38:22,856 INFO o.a.j.t.JMeterThread: Thread is done: Escrita - POST Produtos 2-20
2025-11-14 18:38:22,856 INFO o.a.j.t.JMeterThread: Thread finished: Escrita - POST Produtos 2-20
2025-11-14 18:38:22,923 INFO o.a.j.t.JMeterThread: Thread started: Leitura - GET Produtos 1-59
2025-11-14 18:38:23,055 INFO o.a.j.t.JMeterThread: Thread started: Leitura - GET Produtos 1-60
2025-11-14 18:38:23,188 INFO o.a.j.t.JMeterThread: Thread started: Leitura - GET Produtos 1-61
2025-11-14 18:38:23,250 INFO o.a.j.t.JMeterThread: Thread started: Escrita - POST Produtos 2-21
2025-11-14 18:38:23,276 INFO o.a.j.t.JMeterThread: Thread is done: Escrita - POST Produtos 2-21
2025-11-14 18:38:23,276 INFO o.a.j.t.JMeterThread: Thread finished: Escrita - POST Produtos 2-21
2025-11-14 18:38:23,321 INFO o.a.j.t.JMeterThread: Thread started: Leitura - GET Produtos 1-62
2025-11-14 18:38:23,455 INFO o.a.j.t.JMeterThread: Thread started: Leitura - GET Produtos 1-63
2025-11-14 18:38:23,588 INFO o.a.j.t.JMeterThread: Thread started: Leitura - GET Produtos 1-64
2025-11-14 18:38:23,651 INFO o.a.j.t.JMeterThread: Thread started: Escrita - POST Produtos 2-22
2025-11-14 18:38:23,697 INFO o.a.j.t.JMeterThread: Thread is done: Escrita - POST Produtos 2-22
2025-11-14 18:38:23,698 INFO o.a.j.t.JMeterThread: Thread finished: Escrita - POST Produtos 2-22
2025-11-14 18:38:23,720 INFO o.a.j.t.JMeterThread: Thread started: Leitura - GET Produtos 1-65
2025-11-14 18:38:23,850 INFO o.a.j.t.JMeterThread: Thread is done: Leitura - GET Produtos 1-2
2025-11-14 18:38:23,850 INFO o.a.j.t.JMeterThread: Thread finished: Leitura - GET Produtos 1-2
2025-11-14 18:38:23,854 INFO o.a.j.t.JMeterThread: Thread started: Leitura - GET Produtos 1-66
2025-11-14 18:38:23,986 INFO o.a.j.t.JMeterThread: Thread started: Leitura - GET Produtos 1-67
2025-11-14 18:38:24,051 INFO o.a.j.t.JMeterThread: Thread started: Escrita - POST Produtos 2-23
2025-11-14 18:38:24,057 INFO o.a.j.t.JMeterThread: Thread is done: Escrita - POST Produtos 2-23
2025-11-14 18:38:24,057 INFO o.a.j.t.JMeterThread: Thread finished: Escrita - POST Produtos 2-23
2025-11-14 18:38:24,119 INFO o.a.j.t.JMeterThread: Thread started: Leitura - GET Produtos 1-68
2025-11-14 18:38:24,252 INFO o.a.j.t.JMeterThread: Thread started: Leitura - GET Produtos 1-69
2025-11-14 18:38:24,384 INFO o.a.j.t.JMeterThread: Thread started: Leitura - GET Produtos 1-70
2025-11-14 18:38:24,451 INFO o.a.j.t.JMeterThread: Thread started: Escrita - POST Produtos 2-24
2025-11-14 18:38:24,486 INFO o.a.j.t.JMeterThread: Thread is done: Escrita - POST Produtos 2-24
2025-11-14 18:38:24,487 INFO o.a.j.t.JMeterThread: Thread finished: Escrita - POST Produtos 2-24
2025-11-14 18:38:24,519 INFO o.a.j.t.JMeterThread: Thread started: Leitura - GET Produtos 1-71
2025-11-14 18:38:24,651 INFO o.a.j.t.JMeterThread: Thread started: Leitura - GET Produtos 1-72
2025-11-14 18:38:24,783 INFO o.a.j.t.JMeterThread: Thread started: Leitura - GET Produtos 1-73
2025-11-14 18:38:24,850 INFO o.a.j.t.JMeterThread: Thread started: Escrita - POST Produtos 2-25
2025-11-14 18:38:24,856 INFO o.a.j.t.JMeterThread: Thread is done: Escrita - POST Produtos 2-25
2025-11-14 18:38:24,856 INFO o.a.j.t.JMeterThread: Thread finished: Escrita - POST Produtos 2-25
2025-11-14 18:38:24,917 INFO o.a.j.t.JMeterThread: Thread started: Leitura - GET Produtos 1-74
2025-11-14 18:38:25,050 INFO o.a.j.t.JMeterThread: Thread started: Leitura - GET Produtos 1-75
2025-11-14 18:38:41,924 INFO o.a.j.t.JMeterThread: Thread is done: Leitura - GET Produtos 1-16
2025-11-14 18:38:41,924 INFO o.a.j.t.JMeterThread: Thread finished: Leitura - GET Produtos 1-16
2025-11-14 18:38:42,379 INFO o.a.j.t.JMeterThread: Thread is done: Leitura - GET Produtos 1-13
2025-11-14 18:38:42,380 INFO o.a.j.t.JMeterThread: Thread finished: Leitura - GET Produtos 1-13
2025-11-14 18:38:42,784 INFO o.a.j.t.JMeterThread: Thread is done: Leitura - GET Produtos 1-20
2025-11-14 18:38:42,784 INFO o.a.j.t.JMeterThread: Thread finished: Leitura - GET Produtos 1-20
2025-11-14 18:38:43,328 INFO o.a.j.t.JMeterThread: Thread is done: Leitura - GET Produtos 1-1
2025-11-14 18:38:43,329 INFO o.a.j.t.JMeterThread: Thread finished: Leitura - GET Produtos 1-1
2025-11-14 18:38:43,745 INFO o.a.j.t.JMeterThread: Thread is done: Leitura - GET Produtos 1-5
2025-11-14 18:38:43,745 INFO o.a.j.t.JMeterThread: Thread finished: Leitura - GET Produtos 1-5
2025-11-14 18:38:44,179 INFO o.a.j.t.JMeterThread: Thread is done: Leitura - GET Produtos 1-39
2025-11-14 18:38:44,179 INFO o.a.j.t.JMeterThread: Thread finished: Leitura - GET Produtos 1-39
2025-11-14 18:38:45,778 INFO o.a.j.t.JMeterThread: Thread is done: Leitura - GET Produtos 1-27
2025-11-14 18:38:45,778 INFO o.a.j.t.JMeterThread: Thread finished: Leitura - GET Produtos 1-27
2025-11-14 18:38:45,984 INFO o.a.j.t.JMeterThread: Thread is done: Leitura - GET Produtos 1-40
2025-11-14 18:38:45,984 INFO o.a.j.t.JMeterThread: Thread finished: Leitura - GET Produtos 1-40
2025-11-14 18:38:46,643 INFO o.a.j.t.JMeterThread: Thread is done: Leitura - GET Produtos 1-22
2025-11-14 18:38:46,644 INFO o.a.j.t.JMeterThread: Thread finished: Leitura - GET Produtos 1-22
2025-11-14 18:38:47,553 INFO o.a.j.t.JMeterThread: Thread is done: Leitura - GET Produtos 1-6
2025-11-14 18:38:47,553 INFO o.a.j.t.JMeterThread: Thread finished: Leitura - GET Produtos 1-6
2025-11-14 18:38:47,823 INFO o.a.j.t.JMeterThread: Thread is done: Leitura - GET Produtos 1-15
2025-11-14 18:38:47,823 INFO o.a.j.t.JMeterThread: Thread finished: Leitura - GET Produtos 1-15
2025-11-14 18:38:48,470 INFO o.a.j.t.JMeterThread: Thread is done: Leitura - GET Produtos 1-19
2025-11-14 18:38:48,470 INFO o.a.j.t.JMeterThread: Thread finished: Leitura - GET Produtos 1-19
2025-11-14 18:38:50,640 INFO o.a.j.t.JMeterThread: Thread is done: Leitura - GET Produtos 1-11
2025-11-14 18:38:50,641 INFO o.a.j.t.JMeterThread: Thread finished: Leitura - GET Produtos 1-11
2025-11-14 18:38:51,038 INFO o.a.j.t.JMeterThread: Thread is done: Leitura - GET Produtos 1-17
2025-11-14 18:38:51,038 INFO o.a.j.t.JMeterThread: Thread finished: Leitura - GET Produtos 1-17
2025-11-14 18:38:51,292 INFO o.a.j.t.JMeterThread: Thread is done: Leitura - GET Produtos 1-14
2025-11-14 18:38:51,293 INFO o.a.j.t.JMeterThread: Thread finished: Leitura - GET Produtos 1-14
2025-11-14 18:38:51,474 INFO o.a.j.t.JMeterThread: Thread is done: Leitura - GET Produtos 1-7
2025-11-14 18:38:51,475 INFO o.a.j.t.JMeterThread: Thread finished: Leitura - GET Produtos 1-7
2025-11-14 18:38:51,575 INFO o.a.j.t.JMeterThread: Thread is done: Leitura - GET Produtos 1-12
2025-11-14 18:38:51,575 INFO o.a.j.t.JMeterThread: Thread finished: Leitura - GET Produtos 1-12
2025-11-14 18:38:51,653 INFO o.a.j.t.JMeterThread: Thread is done: Leitura - GET Produtos 1-10
2025-11-14 18:38:51,653 INFO o.a.j.t.JMeterThread: Thread finished: Leitura - GET Produtos 1-10
2025-11-14 18:38:51,744 INFO o.a.j.t.JMeterThread: Thread is done: Leitura - GET Produtos 1-24
2025-11-14 18:38:51,745 INFO o.a.j.t.JMeterThread: Thread finished: Leitura - GET Produtos 1-24
2025-11-14 18:38:51,848 INFO o.a.j.t.JMeterThread: Thread is done: Leitura - GET Produtos 1-8
2025-11-14 18:38:51,848 INFO o.a.j.t.JMeterThread: Thread finished: Leitura - GET Produtos 1-8
2025-11-14 18:38:52,180 INFO o.a.j.t.JMeterThread: Thread is done: Leitura - GET Produtos 1-4
2025-11-14 18:38:52,181 INFO o.a.j.t.JMeterThread: Thread finished: Leitura - GET Produtos 1-4
2025-11-14 18:38:52,487 INFO o.a.j.t.JMeterThread: Thread is done: Leitura - GET Produtos 1-18
2025-11-14 18:38:52,487 INFO o.a.j.t.JMeterThread: Thread finished: Leitura - GET Produtos 1-18
2025-11-14 18:38:52,658 INFO o.a.j.t.JMeterThread: Thread is done: Leitura - GET Produtos 1-9
2025-11-14 18:38:52,659 INFO o.a.j.t.JMeterThread: Thread finished: Leitura - GET Produtos 1-9
2025-11-14 18:38:52,748 INFO o.a.j.t.JMeterThread: Thread is done: Leitura - GET Produtos 1-3
2025-11-14 18:38:52,749 INFO o.a.j.t.JMeterThread: Thread finished: Leitura - GET Produtos 1-3
2025-11-14 18:38:52,877 INFO o.a.j.t.JMeterThread: Thread is done: Leitura - GET Produtos 1-21
2025-11-14 18:38:52,877 INFO o.a.j.t.JMeterThread: Thread finished: Leitura - GET Produtos 1-21
2025-11-14 18:38:54,024 INFO o.a.j.t.JMeterThread: Thread is done: Leitura - GET Produtos 1-29
2025-11-14 18:38:54,024 INFO o.a.j.t.JMeterThread: Thread finished: Leitura - GET Produtos 1-29
2025-11-14 18:38:55,629 INFO o.a.j.t.JMeterThread: Thread is done: Leitura - GET Produtos 1-37
2025-11-14 18:38:55,629 INFO o.a.j.t.JMeterThread: Thread finished: Leitura - GET Produtos 1-37
2025-11-14 18:38:57,786 INFO o.a.j.t.JMeterThread: Thread is done: Leitura - GET Produtos 1-41
2025-11-14 18:38:57,786 INFO o.a.j.t.JMeterThread: Thread finished: Leitura - GET Produtos 1-41
2025-11-14 18:38:58,513 INFO o.a.j.t.JMeterThread: Thread is done: Leitura - GET Produtos 1-44
2025-11-14 18:38:58,514 INFO o.a.j.t.JMeterThread: Thread finished: Leitura - GET Produtos 1-44
2025-11-14 18:38:58,894 INFO o.a.j.t.JMeterThread: Thread is done: Leitura - GET Produtos 1-45
2025-11-14 18:38:58,894 INFO o.a.j.t.JMeterThread: Thread finished: Leitura - GET Produtos 1-45
2025-11-14 18:39:00,265 INFO o.a.j.t.JMeterThread: Thread is done: Leitura - GET Produtos 1-32
2025-11-14 18:39:00,265 INFO o.a.j.t.JMeterThread: Thread finished: Leitura - GET Produtos 1-32
2025-11-14 18:39:00,417 INFO o.a.j.t.JMeterThread: Thread is done: Leitura - GET Produtos 1-23
2025-11-14 18:39:00,417 INFO o.a.j.t.JMeterThread: Thread finished: Leitura - GET Produtos 1-23
2025-11-14 18:39:00,543 INFO o.a.j.t.JMeterThread: Thread is done: Leitura - GET Produtos 1-43
2025-11-14 18:39:00,543 INFO o.a.j.t.JMeterThread: Thread finished: Leitura - GET Produtos 1-43
2025-11-14 18:39:00,708 INFO o.a.j.t.JMeterThread: Thread is done: Leitura - GET Produtos 1-26
2025-11-14 18:39:00,708 INFO o.a.j.t.JMeterThread: Thread finished: Leitura - GET Produtos 1-26
2025-11-14 18:39:00,882 INFO o.a.j.t.JMeterThread: Thread is done: Leitura - GET Produtos 1-28
2025-11-14 18:39:00,883 INFO o.a.j.t.JMeterThread: Thread finished: Leitura - GET Produtos 1-28
2025-11-14 18:39:01,877 INFO o.a.j.t.JMeterThread: Thread is done: Leitura - GET Produtos 1-34
2025-11-14 18:39:01,877 INFO o.a.j.t.JMeterThread: Thread finished: Leitura - GET Produtos 1-34
2025-11-14 18:39:02,612 INFO o.a.j.t.JMeterThread: Thread is done: Leitura - GET Produtos 1-30
2025-11-14 18:39:02,613 INFO o.a.j.t.JMeterThread: Thread finished: Leitura - GET Produtos 1-30
2025-11-14 18:39:04,009 INFO o.a.j.t.JMeterThread: Thread is done: Leitura - GET Produtos 1-35
2025-11-14 18:39:04,010 INFO o.a.j.t.JMeterThread: Thread finished: Leitura - GET Produtos 1-35
2025-11-14 18:39:05,476 INFO o.a.j.t.JMeterThread: Thread is done: Leitura - GET Produtos 1-38
2025-11-14 18:39:05,477 INFO o.a.j.t.JMeterThread: Thread finished: Leitura - GET Produtos 1-38
2025-11-14 18:39:07,651 INFO o.a.j.t.JMeterThread: Thread is done: Leitura - GET Produtos 1-46
2025-11-14 18:39:07,651 INFO o.a.j.t.JMeterThread: Thread finished: Leitura - GET Produtos 1-46
2025-11-14 18:39:09,951 INFO o.a.j.t.JMeterThread: Thread is done: Leitura - GET Produtos 1-52
2025-11-14 18:39:09,952 INFO o.a.j.t.JMeterThread: Thread finished: Leitura - GET Produtos 1-52
2025-11-14 18:39:11,931 INFO o.a.j.t.JMeterThread: Thread is done: Leitura - GET Produtos 1-33
2025-11-14 18:39:11,932 INFO o.a.j.t.JMeterThread: Thread finished: Leitura - GET Produtos 1-33
2025-11-14 18:39:12,339 INFO o.a.j.t.JMeterThread: Thread is done: Leitura - GET Produtos 1-48
2025-11-14 18:39:12,339 INFO o.a.j.t.JMeterThread: Thread finished: Leitura - GET Produtos 1-48
2025-11-14 18:39:12,441 INFO o.a.j.t.JMeterThread: Thread is done: Leitura - GET Produtos 1-49
2025-11-14 18:39:12,441 INFO o.a.j.t.JMeterThread: Thread finished: Leitura - GET Produtos 1-49
2025-11-14 18:39:12,519 INFO o.a.j.t.JMeterThread: Thread is done: Leitura - GET Produtos 1-42
2025-11-14 18:39:12,519 INFO o.a.j.t.JMeterThread: Thread finished: Leitura - GET Produtos 1-42
2025-11-14 18:39:12,892 INFO o.a.j.t.JMeterThread: Thread is done: Leitura - GET Produtos 1-25
2025-11-14 18:39:12,892 INFO o.a.j.t.JMeterThread: Thread finished: Leitura - GET Produtos 1-25
2025-11-14 18:39:13,418 INFO o.a.j.t.JMeterThread: Thread is done: Leitura - GET Produtos 1-63
2025-11-14 18:39:13,418 INFO o.a.j.t.JMeterThread: Thread finished: Leitura - GET Produtos 1-63
2025-11-14 18:39:13,585 INFO o.a.j.t.JMeterThread: Thread is done: Leitura - GET Produtos 1-36
2025-11-14 18:39:13,586 INFO o.a.j.t.JMeterThread: Thread finished: Leitura - GET Produtos 1-36
2025-11-14 18:39:13,682 INFO o.a.j.t.JMeterThread: Thread is done: Leitura - GET Produtos 1-47
2025-11-14 18:39:13,682 INFO o.a.j.t.JMeterThread: Thread finished: Leitura - GET Produtos 1-47
2025-11-14 18:39:13,760 INFO o.a.j.t.JMeterThread: Thread is done: Leitura - GET Produtos 1-64
2025-11-14 18:39:13,760 INFO o.a.j.t.JMeterThread: Thread finished: Leitura - GET Produtos 1-64
2025-11-14 18:39:14,446 INFO o.a.j.t.JMeterThread: Thread is done: Leitura - GET Produtos 1-31
2025-11-14 18:39:14,446 INFO o.a.j.t.JMeterThread: Thread finished: Leitura - GET Produtos 1-31
2025-11-14 18:39:14,852 INFO o.a.j.t.JMeterThread: Thread is done: Leitura - GET Produtos 1-54
2025-11-14 18:39:14,853 INFO o.a.j.t.JMeterThread: Thread finished: Leitura - GET Produtos 1-54
2025-11-14 18:39:14,970 INFO o.a.j.t.JMeterThread: Thread is done: Leitura - GET Produtos 1-53
2025-11-14 18:39:14,970 INFO o.a.j.t.JMeterThread: Thread finished: Leitura - GET Produtos 1-53
2025-11-14 18:39:15,045 INFO o.a.j.t.JMeterThread: Thread is done: Leitura - GET Produtos 1-55
2025-11-14 18:39:15,046 INFO o.a.j.t.JMeterThread: Thread finished: Leitura - GET Produtos 1-55
2025-11-14 18:39:15,125 INFO o.a.j.t.JMeterThread: Thread is done: Leitura - GET Produtos 1-58
2025-11-14 18:39:15,125 INFO o.a.j.t.JMeterThread: Thread finished: Leitura - GET Produtos 1-58
2025-11-14 18:39:16,573 INFO o.a.j.t.JMeterThread: Thread is done: Leitura - GET Produtos 1-70
2025-11-14 18:39:16,573 INFO o.a.j.t.JMeterThread: Thread finished: Leitura - GET Produtos 1-70
2025-11-14 18:39:17,196 INFO o.a.j.t.JMeterThread: Thread is done: Leitura - GET Produtos 1-61
2025-11-14 18:39:17,197 INFO o.a.j.t.JMeterThread: Thread finished: Leitura - GET Produtos 1-61
2025-11-14 18:39:17,306 INFO o.a.j.t.JMeterThread: Thread is done: Leitura - GET Produtos 1-59
2025-11-14 18:39:17,306 INFO o.a.j.t.JMeterThread: Thread finished: Leitura - GET Produtos 1-59
2025-11-14 18:39:17,394 INFO o.a.j.t.JMeterThread: Thread is done: Leitura - GET Produtos 1-50
2025-11-14 18:39:17,394 INFO o.a.j.t.JMeterThread: Thread finished: Leitura - GET Produtos 1-50
2025-11-14 18:39:17,470 INFO o.a.j.t.JMeterThread: Thread is done: Leitura - GET Produtos 1-62
2025-11-14 18:39:17,470 INFO o.a.j.t.JMeterThread: Thread finished: Leitura - GET Produtos 1-62
2025-11-14 18:39:17,550 INFO o.a.j.t.JMeterThread: Thread is done: Leitura - GET Produtos 1-51
2025-11-14 18:39:17,550 INFO o.a.j.t.JMeterThread: Thread finished: Leitura - GET Produtos 1-51
2025-11-14 18:39:17,635 INFO o.a.j.t.JMeterThread: Thread is done: Leitura - GET Produtos 1-74
2025-11-14 18:39:17,635 INFO o.a.j.t.JMeterThread: Thread finished: Leitura - GET Produtos 1-74
2025-11-14 18:39:17,716 INFO o.a.j.t.JMeterThread: Thread is done: Leitura - GET Produtos 1-73
2025-11-14 18:39:17,716 INFO o.a.j.t.JMeterThread: Thread finished: Leitura - GET Produtos 1-73
2025-11-14 18:39:17,795 INFO o.a.j.t.JMeterThread: Thread is done: Leitura - GET Produtos 1-56
2025-11-14 18:39:17,796 INFO o.a.j.t.JMeterThread: Thread finished: Leitura - GET Produtos 1-56
2025-11-14 18:39:17,871 INFO o.a.j.t.JMeterThread: Thread is done: Leitura - GET Produtos 1-68
2025-11-14 18:39:17,871 INFO o.a.j.t.JMeterThread: Thread finished: Leitura - GET Produtos 1-68
2025-11-14 18:39:17,947 INFO o.a.j.t.JMeterThread: Thread is done: Leitura - GET Produtos 1-69
2025-11-14 18:39:17,948 INFO o.a.j.t.JMeterThread: Thread finished: Leitura - GET Produtos 1-69
2025-11-14 18:39:18,026 INFO o.a.j.t.JMeterThread: Thread is done: Leitura - GET Produtos 1-67
2025-11-14 18:39:18,026 INFO o.a.j.t.JMeterThread: Thread finished: Leitura - GET Produtos 1-67
2025-11-14 18:39:18,108 INFO o.a.j.t.JMeterThread: Thread is done: Leitura - GET Produtos 1-75
2025-11-14 18:39:18,108 INFO o.a.j.t.JMeterThread: Thread finished: Leitura - GET Produtos 1-75
2025-11-14 18:39:18,186 INFO o.a.j.t.JMeterThread: Thread is done: Leitura - GET Produtos 1-72
2025-11-14 18:39:18,187 INFO o.a.j.t.JMeterThread: Thread finished: Leitura - GET Produtos 1-72
2025-11-14 18:39:18,262 INFO o.a.j.t.JMeterThread: Thread is done: Leitura - GET Produtos 1-57
2025-11-14 18:39:18,262 INFO o.a.j.t.JMeterThread: Thread finished: Leitura - GET Produtos 1-57
2025-11-14 18:39:18,340 INFO o.a.j.t.JMeterThread: Thread is done: Leitura - GET Produtos 1-66
2025-11-14 18:39:18,340 INFO o.a.j.t.JMeterThread: Thread finished: Leitura - GET Produtos 1-66
2025-11-14 18:39:18,414 INFO o.a.j.t.JMeterThread: Thread is done: Leitura - GET Produtos 1-71
2025-11-14 18:39:18,415 INFO o.a.j.t.JMeterThread: Thread finished: Leitura - GET Produtos 1-71
2025-11-14 18:39:18,500 INFO o.a.j.t.JMeterThread: Thread is done: Leitura - GET Produtos 1-60
2025-11-14 18:39:18,501 INFO o.a.j.t.JMeterThread: Thread finished: Leitura - GET Produtos 1-60
2025-11-14 18:39:18,598 INFO o.a.j.t.JMeterThread: Thread is done: Leitura - GET Produtos 1-65
2025-11-14 18:39:18,598 INFO o.a.j.t.JMeterThread: Thread finished: Leitura - GET Produtos 1-65
2025-11-14 18:39:18,599 INFO o.a.j.e.StandardJMeterEngine: Notifying test listeners of end of test
2025-11-14 18:39:18,599 INFO o.a.j.g.u.JMeterMenuBar: setRunning(false, *local*)
